11/03/24 23:41:13 - DEBUG - urllib3.connectionpool - [_new_conn]: Starting new HTTPS connection (1): raw.githubusercontent.com:443
11/03/24 23:41:14 - DEBUG - urllib3.connectionpool - [_make_request]: https://raw.githubusercontent.com:443 "GET /rdavydov/Twitch-Channel-Points-Miner-v2/master/TwitchChannelPointsMiner/__init__.py HTTP/1.1" 200 125
11/03/24 23:41:14 - INFO - TwitchChannelPointsMiner.TwitchChannelPointsMiner - [__init__]: Twitch Channel Points Miner v2-1.9.1 (fork by rdavydov)
11/03/24 23:41:14 - INFO - TwitchChannelPointsMiner.TwitchChannelPointsMiner - [__init__]: https://github.com/rdavydov/Twitch-Channel-Points-Miner-v2
11/03/24 23:41:14 - INFO - TwitchChannelPointsMiner.TwitchChannelPointsMiner - [__init__]: You are running version 1.9.1 of this script
11/03/24 23:41:14 - INFO - TwitchChannelPointsMiner.TwitchChannelPointsMiner - [__init__]: The latest version on GitHub is 1.9.4
11/03/24 23:41:14 - INFO - TwitchChannelPointsMiner.TwitchChannelPointsMiner - [run]: Start session: '0ed453ff-c711-4ad6-90a2-2ea2568dda2b'
11/03/24 23:41:14 - INFO - TwitchChannelPointsMiner.classes.TwitchLogin - [login_flow]: You'll have to login to Twitch!
11/03/24 23:41:14 - INFO - TwitchChannelPointsMiner.classes.TwitchLogin - [login_flow]: Trying the TV login method..
11/03/24 23:41:14 - DEBUG - urllib3.connectionpool - [_new_conn]: Starting new HTTPS connection (1): id.twitch.tv:443
11/03/24 23:41:16 - DEBUG - urllib3.connectionpool - [_make_request]: https://id.twitch.tv:443 "POST /oauth2/device HTTP/1.1" 200 164
11/03/24 23:41:16 - INFO - TwitchChannelPointsMiner.classes.TwitchLogin - [login_flow]: Open https://www.twitch.tv/activate
11/03/24 23:41:16 - INFO - TwitchChannelPointsMiner.classes.TwitchLogin - [login_flow]: and enter this code: CKBCTQFJ
11/03/24 23:41:16 - INFO - TwitchChannelPointsMiner.classes.TwitchLogin - [login_flow]: Hurry up! It will expire in 30 minutes!
11/03/24 23:41:21 - DEBUG - urllib3.connectionpool - [_make_request]: https://id.twitch.tv:443 "POST /oauth2/token HTTP/1.1" 400 49
11/03/24 23:41:27 - DEBUG - urllib3.connectionpool - [_make_request]: https://id.twitch.tv:443 "POST /oauth2/token HTTP/1.1" 400 49
11/03/24 23:41:32 - DEBUG - urllib3.connectionpool - [_make_request]: https://id.twitch.tv:443 "POST /oauth2/token HTTP/1.1" 400 49
11/03/24 23:41:37 - DEBUG - urllib3.connectionpool - [_make_request]: https://id.twitch.tv:443 "POST /oauth2/token HTTP/1.1" 400 49
11/03/24 23:41:42 - DEBUG - urllib3.connectionpool - [_make_request]: https://id.twitch.tv:443 "POST /oauth2/token HTTP/1.1" 400 49
11/03/24 23:41:47 - DEBUG - urllib3.connectionpool - [_make_request]: https://id.twitch.tv:443 "POST /oauth2/token HTTP/1.1" 400 49
11/03/24 23:41:53 - DEBUG - urllib3.connectionpool - [_make_request]: https://id.twitch.tv:443 "POST /oauth2/token HTTP/1.1" 400 49
11/03/24 23:41:58 - DEBUG - urllib3.connectionpool - [_make_request]: https://id.twitch.tv:443 "POST /oauth2/token HTTP/1.1" 200 248
11/03/24 23:41:58 - DEBUG - urllib3.connectionpool - [_new_conn]: Starting new HTTPS connection (1): gql.twitch.tv:443
11/03/24 23:41:59 - DEBUG - urllib3.connectionpool - [_make_request]: https://gql.twitch.tv:443 "POST /gql HTTP/1.1" 200 204
11/03/24 23:41:59 - INFO - TwitchChannelPointsMiner.classes.TwitchLogin - [save_cookies]: Saving cookies to your computer..
11/03/24 23:41:59 - INFO - TwitchChannelPointsMiner.TwitchChannelPointsMiner - [run]: Loading data for 7 streamers. Please wait...
11/03/24 23:41:59 - DEBUG - urllib3.connectionpool - [_new_conn]: Starting new HTTPS connection (1): www.twitch.tv:443
11/03/24 23:41:59 - DEBUG - urllib3.connectionpool - [_make_request]: https://www.twitch.tv:443 "GET / HTTP/1.1" 200 None
11/03/24 23:41:59 - DEBUG - TwitchChannelPointsMiner.classes.Twitch - [update_client_version]: Client version: 6a422eaf-e405-4607-ae3b-a69fb5ae41fe
11/03/24 23:41:59 - DEBUG - urllib3.connectionpool - [_new_conn]: Starting new HTTPS connection (1): gql.twitch.tv:443
11/03/24 23:42:00 - DEBUG - urllib3.connectionpool - [_make_request]: https://gql.twitch.tv:443 "POST /gql HTTP/1.1" 200 205
11/03/24 23:42:00 - DEBUG - TwitchChannelPointsMiner.classes.Twitch - [post_gql_request]: Data: {'operationName': 'ReportMenuItem', 'extensions': {'persistedQuery': {'version': 1, 'sha256Hash': '8f3628981255345ca5e5453dfd844efffb01d6413a9931498836e6268692a30c'}}, 'variables': {'channelLogin': 'pimpcs'}}, Status code: 200, Content: {"data":{"requestInfo":{"countryCode":"BR","__typename":"RequestInfo"},"user":{"id":"37799181","stream":null,"__typename":"User"}},"extensions":{"durationMilliseconds":46,"operationName":"ReportMenuItem","requestID":"01HRR8KKXGK9PV2JQAJ7HWQWK0"}}
11/03/24 23:42:01 - DEBUG - urllib3.connectionpool - [_new_conn]: Starting new HTTPS connection (1): www.twitch.tv:443
11/03/24 23:42:01 - DEBUG - urllib3.connectionpool - [_make_request]: https://www.twitch.tv:443 "GET / HTTP/1.1" 200 None
11/03/24 23:42:01 - DEBUG - TwitchChannelPointsMiner.classes.Twitch - [update_client_version]: Client version: 6a422eaf-e405-4607-ae3b-a69fb5ae41fe
11/03/24 23:42:01 - DEBUG - urllib3.connectionpool - [_new_conn]: Starting new HTTPS connection (1): gql.twitch.tv:443
11/03/24 23:42:02 - DEBUG - urllib3.connectionpool - [_make_request]: https://gql.twitch.tv:443 "POST /gql HTTP/1.1" 200 204
11/03/24 23:42:02 - DEBUG - TwitchChannelPointsMiner.classes.Twitch - [post_gql_request]: Data: {'operationName': 'ReportMenuItem', 'extensions': {'persistedQuery': {'version': 1, 'sha256Hash': '8f3628981255345ca5e5453dfd844efffb01d6413a9931498836e6268692a30c'}}, 'variables': {'channelLogin': 'lobanjicaa'}}, Status code: 200, Content: {"data":{"requestInfo":{"countryCode":"BR","__typename":"RequestInfo"},"user":{"id":"126902046","stream":null,"__typename":"User"}},"extensions":{"durationMilliseconds":39,"operationName":"ReportMenuItem","requestID":"01HRR8KNPNRPMS9Z6T329MMV4F"}}
11/03/24 23:42:02 - DEBUG - urllib3.connectionpool - [_new_conn]: Starting new HTTPS connection (1): www.twitch.tv:443
11/03/24 23:42:03 - DEBUG - urllib3.connectionpool - [_make_request]: https://www.twitch.tv:443 "GET / HTTP/1.1" 200 None
11/03/24 23:42:03 - DEBUG - TwitchChannelPointsMiner.classes.Twitch - [update_client_version]: Client version: 6a422eaf-e405-4607-ae3b-a69fb5ae41fe
11/03/24 23:42:03 - DEBUG - urllib3.connectionpool - [_new_conn]: Starting new HTTPS connection (1): gql.twitch.tv:443
11/03/24 23:42:03 - DEBUG - urllib3.connectionpool - [_make_request]: https://gql.twitch.tv:443 "POST /gql HTTP/1.1" 200 204
11/03/24 23:42:03 - DEBUG - TwitchChannelPointsMiner.classes.Twitch - [post_gql_request]: Data: {'operationName': 'ReportMenuItem', 'extensions': {'persistedQuery': {'version': 1, 'sha256Hash': '8f3628981255345ca5e5453dfd844efffb01d6413a9931498836e6268692a30c'}}, 'variables': {'channelLogin': 'olofmeister'}}, Status code: 200, Content: {"data":{"requestInfo":{"countryCode":"BR","__typename":"RequestInfo"},"user":{"id":"46717011","stream":null,"__typename":"User"}},"extensions":{"durationMilliseconds":41,"operationName":"ReportMenuItem","requestID":"01HRR8KQAA9DN5YC7XTKT5EWX5"}}
11/03/24 23:42:04 - DEBUG - urllib3.connectionpool - [_new_conn]: Starting new HTTPS connection (1): www.twitch.tv:443
11/03/24 23:42:04 - DEBUG - urllib3.connectionpool - [_make_request]: https://www.twitch.tv:443 "GET / HTTP/1.1" 200 None
11/03/24 23:42:04 - DEBUG - TwitchChannelPointsMiner.classes.Twitch - [update_client_version]: Client version: 6a422eaf-e405-4607-ae3b-a69fb5ae41fe
11/03/24 23:42:04 - DEBUG - urllib3.connectionpool - [_new_conn]: Starting new HTTPS connection (1): gql.twitch.tv:443
